# JRE version: Java(TM) SE Runtime Environment (21.0.11+9) (build 21.0.11+9-LTS-211)
# Java VM: Java HotSpot(TM) 64-Bit Server VM (21.0.11+9-LTS-211, mixed mode, sharing, tiered, compressed oops, compressed class ptrs, g1 gc, windows-amd64)
GC Precious Log:
 CardTable entry size: 512
 Card Set container configuration: InlinePtr #cards 5 size 8 Array Of Cards #cards 12 size 40 Howl #buckets 4 coarsen threshold 1843 Howl Bitmap #cards 512 size 80 coarsen threshold 460 Card regions per heap region 1 cards per card region 2048
 CPUs: 4 total, 4 available
 Memory: 4001M
 Large Page Support: Disabled
 NUMA Support: Disabled
 Compressed Oops: Enabled (32-bit)
 Heap Region Size: 1M
 Heap Min Capacity: 8M
 Heap Initial Capacity: 64M
 Heap Max Capacity: 1002M
 Pre-touch: Disabled
 Parallel Workers: 4
 Concurrent Workers: 1
 Concurrent Refinement Workers: 4
 Periodic GC: Disabled
Heap:
 garbage-first heap   total 73728K, used 49788K [0x00000000c1600000, 0x0000000100000000)
  region size 1024K, 15 young (15360K), 4 survivors (4096K)
 Metaspace       used 78733K, committed 79360K, reserved 1179648K
  class space    used 10535K, committed 10816K, reserved 1048576K
GC Heap History (20 events):
Event: 6.552 GC heap before
{Heap before GC invocations=8 (full 0):
 garbage-first heap   total 61440K, used 49622K [0x00000000c1600000, 0x0000000100000000)
  region size 1024K, 29 young (29696K), 3 survivors (3072K)
 Metaspace       used 35552K, committed 35968K, reserved 1114112K
  class space    used 4535K, committed 4736K, reserved 1048576K
}
Event: 6.560 GC heap after
{Heap after GC invocations=9 (full 0):
 garbage-first heap   total 61440K, used 26358K [0x00000000c1600000, 0x0000000100000000)
  region size 1024K, 3 young (3072K), 3 survivors (3072K)
 Metaspace       used 35552K, committed 35968K, reserved 1114112K
  class space    used 4535K, committed 4736K, reserved 1048576K
}
Event: 7.368 GC heap before
{Heap before GC invocations=10 (full 0):
 garbage-first heap   total 61440K, used 51958K [0x00000000c1600000, 0x0000000100000000)
  region size 1024K, 28 young (28672K), 3 survivors (3072K)
 Metaspace       used 42109K, committed 42560K, reserved 1114112K
  class space    used 5560K, committed 5760K, reserved 1048576K
}
Event: 7.374 GC heap after
{Heap after GC invocations=11 (full 0):
 garbage-first heap   total 61440K, used 27959K [0x00000000c1600000, 0x0000000100000000)
  region size 1024K, 2 young (2048K), 2 survivors (2048K)
 Metaspace       used 42109K, committed 42560K, reserved 1114112K
  class space    used 5560K, committed 5760K, reserved 1048576K
}
Event: 8.015 GC heap before
{Heap before GC invocations=11 (full 0):
 garbage-first heap   total 61440K, used 51511K [0x00000000c1600000, 0x0000000100000000)
  region size 1024K, 26 young (26624K), 2 survivors (2048K)
 Metaspace       used 49369K, committed 49856K, reserved 1114112K
  class space    used 6471K, committed 6720K, reserved 1048576K
}
Event: 8.021 GC heap after
{Heap after GC invocations=12 (full 0):
 garbage-first heap   total 61440K, used 29082K [0x00000000c1600000, 0x0000000100000000)
  region size 1024K, 3 young (3072K), 3 survivors (3072K)
 Metaspace       used 49369K, committed 49856K, reserved 1114112K
  class space    used 6471K, committed 6720K, reserved 1048576K
}
Event: 8.603 GC heap before
{Heap before GC invocations=12 (full 0):
 garbage-first heap   total 61440K, used 52634K [0x00000000c1600000, 0x0000000100000000)
  region size 1024K, 27 young (27648K), 3 survivors (3072K)
 Metaspace       used 57800K, committed 58368K, reserved 1114112K
  class space    used 7694K, committed 7936K, reserved 1048576K
}
Event: 8.609 GC heap after
{Heap after GC invocations=13 (full 0):
 garbage-first heap   total 73728K, used 29992K [0x00000000c1600000, 0x0000000100000000)
  region size 1024K, 3 young (3072K), 3 survivors (3072K)
 Metaspace       used 57800K, committed 58368K, reserved 1114112K
  class space    used 7694K, committed 7936K, reserved 1048576K
}
Event: 8.809 GC heap before
{Heap before GC invocations=13 (full 0):
 garbage-first heap   total 73728K, used 38184K [0x00000000c1600000, 0x0000000100000000)
  region size 1024K, 12 young (12288K), 3 survivors (3072K)
 Metaspace       used 60082K, committed 60608K, reserved 1114112K
  class space    used 8119K, committed 8384K, reserved 1048576K
}
Event: 8.814 GC heap after
{Heap after GC invocations=14 (full 0):
 garbage-first heap   total 73728K, used 30489K [0x00000000c1600000, 0x0000000100000000)
  region size 1024K, 3 young (3072K), 3 survivors (3072K)
 Metaspace       used 60082K, committed 60608K, reserved 1114112K
  class space    used 8119K, committed 8384K, reserved 1048576K
}
Event: 9.898 GC heap before
{Heap before GC invocations=15 (full 0):
 garbage-first heap   total 73728K, used 65305K [0x00000000c1600000, 0x0000000100000000)
  region size 1024K, 37 young (37888K), 3 survivors (3072K)
 Metaspace       used 66176K, committed 66752K, reserved 1114112K
  class space    used 9094K, committed 9344K, reserved 1048576K
}
Event: 9.908 GC heap after
{Heap after GC invocations=16 (full 0):
 garbage-first heap   total 73728K, used 33253K [0x00000000c1600000, 0x0000000100000000)
  region size 1024K, 4 young (4096K), 4 survivors (4096K)
 Metaspace       used 66176K, committed 66752K, reserved 1114112K
  class space    used 9094K, committed 9344K, reserved 1048576K
}
Event: 10.982 GC heap before
{Heap before GC invocations=16 (full 0):
 garbage-first heap   total 73728K, used 63973K [0x00000000c1600000, 0x0000000100000000)
  region size 1024K, 34 young (34816K), 4 survivors (4096K)
 Metaspace       used 68429K, committed 69056K, reserved 1114112K
  class space    used 9320K, committed 9600K, reserved 1048576K
}
Event: 11.001 GC heap after
{Heap after GC invocations=17 (full 0):
 garbage-first heap   total 73728K, used 35285K [0x00000000c1600000, 0x0000000100000000)
  region size 1024K, 5 young (5120K), 5 survivors (5120K)
 Metaspace       used 68429K, committed 69056K, reserved 1114112K
  class space    used 9320K, committed 9600K, reserved 1048576K
}
Event: 11.656 GC heap before
{Heap before GC invocations=17 (full 0):
 garbage-first heap   total 73728K, used 62933K [0x00000000c1600000, 0x0000000100000000)
  region size 1024K, 32 young (32768K), 5 survivors (5120K)
 Metaspace       used 70264K, committed 70848K, reserved 1114112K
  class space    used 9581K, committed 9856K, reserved 1048576K
}
Event: 11.668 GC heap after
{Heap after GC invocations=18 (full 0):
 garbage-first heap   total 73728K, used 37010K [0x00000000c1600000, 0x0000000100000000)
  region size 1024K, 3 young (3072K), 3 survivors (3072K)
 Metaspace       used 70264K, committed 70848K, reserved 1114112K
  class space    used 9581K, committed 9856K, reserved 1048576K
}
Event: 12.561 GC heap before
{Heap before GC invocations=18 (full 0):
 garbage-first heap   total 73728K, used 64658K [0x00000000c1600000, 0x0000000100000000)
  region size 1024K, 30 young (30720K), 3 survivors (3072K)
 Metaspace       used 73197K, committed 73792K, reserved 1114112K
  class space    used 9897K, committed 10176K, reserved 1048576K
}
Event: 12.572 GC heap after
{Heap after GC invocations=19 (full 0):
 garbage-first heap   total 73728K, used 39192K [0x00000000c1600000, 0x0000000100000000)
  region size 1024K, 3 young (3072K), 3 survivors (3072K)
 Metaspace       used 73197K, committed 73792K, reserved 1114112K
  class space    used 9897K, committed 10176K, reserved 1048576K
}
Event: 13.340 GC heap before
{Heap before GC invocations=20 (full 0):
 garbage-first heap   total 73728K, used 64792K [0x00000000c1600000, 0x0000000100000000)
  region size 1024K, 28 young (28672K), 3 survivors (3072K)
 Metaspace       used 75340K, committed 75968K, reserved 1179648K
  class space    used 10168K, committed 10432K, reserved 1048576K
}
Event: 13.349 GC heap after
{Heap after GC invocations=21 (full 0):
 garbage-first heap   total 73728K, used 40572K [0x00000000c1600000, 0x0000000100000000)
  region size 1024K, 4 young (4096K), 4 survivors (4096K)
 Metaspace       used 75340K, committed 75968K, reserved 1179648K
  class space    used 10168K, committed 10432K, reserved 1048576K
}

