# JRE version: Java(TM) SE Runtime Environment (21.0.11+9) (build 21.0.11+9-LTS-211)
# Java VM: Java HotSpot(TM) 64-Bit Server VM (21.0.11+9-LTS-211, mixed mode, sharing, tiered, compressed oops, compressed class ptrs, g1 gc, windows-amd64)
GC Precious Log:
 CardTable entry size: 512
 Card Set container configuration: InlinePtr #cards 5 size 8 Array Of Cards #cards 12 size 40 Howl #buckets 4 coarsen threshold 1843 Howl Bitmap #cards 512 size 80 coarsen threshold 460 Card regions per heap region 1 cards per card region 2048
 CPUs: 4 total, 4 available
 Memory: 4001M
 Large Page Support: Disabled
 NUMA Support: Disabled
 Compressed Oops: Enabled (32-bit)
 Heap Region Size: 1M
 Heap Min Capacity: 8M
 Heap Initial Capacity: 64M
 Heap Max Capacity: 1002M
 Pre-touch: Disabled
 Parallel Workers: 4
 Concurrent Workers: 1
 Concurrent Refinement Workers: 4
 Periodic GC: Disabled
Heap:
 garbage-first heap   total 99328K, used 80297K [0x00000000c1600000, 0x0000000100000000)
  region size 1024K, 33 young (33792K), 4 survivors (4096K)
 Metaspace       used 88411K, committed 89344K, reserved 1179648K
  class space    used 11934K, committed 12352K, reserved 1048576K
GC Heap History (20 events):
Event: 12.650 GC heap before
{Heap before GC invocations=16 (full 0):
 garbage-first heap   total 78848K, used 69847K [0x00000000c1600000, 0x0000000100000000)
  region size 1024K, 36 young (36864K), 3 survivors (3072K)
 Metaspace       used 74663K, committed 75328K, reserved 1114112K
  class space    used 9933K, committed 10240K, reserved 1048576K
}
Event: 12.661 GC heap after
{Heap after GC invocations=17 (full 0):
 garbage-first heap   total 78848K, used 37671K [0x00000000c1600000, 0x0000000100000000)
  region size 1024K, 5 young (5120K), 5 survivors (5120K)
 Metaspace       used 74663K, committed 75328K, reserved 1114112K
  class space    used 9933K, committed 10240K, reserved 1048576K
}
Event: 13.105 GC heap before
{Heap before GC invocations=17 (full 0):
 garbage-first heap   total 78848K, used 67367K [0x00000000c1600000, 0x0000000100000000)
  region size 1024K, 34 young (34816K), 5 survivors (5120K)
 Metaspace       used 76172K, committed 76864K, reserved 1179648K
  class space    used 10117K, committed 10432K, reserved 1048576K
}
Event: 13.119 GC heap after
{Heap after GC invocations=18 (full 0):
 garbage-first heap   total 78848K, used 39143K [0x00000000c1600000, 0x0000000100000000)
  region size 1024K, 4 young (4096K), 4 survivors (4096K)
 Metaspace       used 76172K, committed 76864K, reserved 1179648K
  class space    used 10117K, committed 10432K, reserved 1048576K
}
Event: 13.552 GC heap before
{Heap before GC invocations=18 (full 0):
 garbage-first heap   total 78848K, used 68839K [0x00000000c1600000, 0x0000000100000000)
  region size 1024K, 33 young (33792K), 4 survivors (4096K)
 Metaspace       used 77581K, committed 78272K, reserved 1179648K
  class space    used 10361K, committed 10688K, reserved 1048576K
}
Event: 13.562 GC heap after
{Heap after GC invocations=19 (full 0):
 garbage-first heap   total 78848K, used 40500K [0x00000000c1600000, 0x0000000100000000)
  region size 1024K, 4 young (4096K), 4 survivors (4096K)
 Metaspace       used 77581K, committed 78272K, reserved 1179648K
  class space    used 10361K, committed 10688K, reserved 1048576K
}
Event: 14.000 GC heap before
{Heap before GC invocations=20 (full 0):
 garbage-first heap   total 78848K, used 68148K [0x00000000c1600000, 0x0000000100000000)
  region size 1024K, 31 young (31744K), 4 survivors (4096K)
 Metaspace       used 78498K, committed 79232K, reserved 1179648K
  class space    used 10554K, committed 10880K, reserved 1048576K
}
Event: 14.011 GC heap after
{Heap after GC invocations=21 (full 0):
 garbage-first heap   total 78848K, used 41836K [0x00000000c1600000, 0x0000000100000000)
  region size 1024K, 3 young (3072K), 3 survivors (3072K)
 Metaspace       used 78498K, committed 79232K, reserved 1179648K
  class space    used 10554K, committed 10880K, reserved 1048576K
}
Event: 14.426 GC heap before
{Heap before GC invocations=21 (full 0):
 garbage-first heap   total 78848K, used 70508K [0x00000000c1600000, 0x0000000100000000)
  region size 1024K, 31 young (31744K), 3 survivors (3072K)
 Metaspace       used 79617K, committed 80320K, reserved 1179648K
  class space    used 10726K, committed 11072K, reserved 1048576K
}
Event: 14.436 GC heap after
{Heap after GC invocations=22 (full 0):
 garbage-first heap   total 95232K, used 42414K [0x00000000c1600000, 0x0000000100000000)
  region size 1024K, 3 young (3072K), 3 survivors (3072K)
 Metaspace       used 79617K, committed 80320K, reserved 1179648K
  class space    used 10726K, committed 11072K, reserved 1048576K
}
Event: 15.364 GC heap before
{Heap before GC invocations=22 (full 0):
 garbage-first heap   total 95232K, used 85422K [0x00000000c1600000, 0x0000000100000000)
  region size 1024K, 45 young (46080K), 3 survivors (3072K)
 Metaspace       used 80633K, committed 81408K, reserved 1179648K
  class space    used 10854K, committed 11200K, reserved 1048576K
}
Event: 15.382 GC heap after
{Heap after GC invocations=23 (full 0):
 garbage-first heap   total 95232K, used 44899K [0x00000000c1600000, 0x0000000100000000)
  region size 1024K, 5 young (5120K), 5 survivors (5120K)
 Metaspace       used 80633K, committed 81408K, reserved 1179648K
  class space    used 10854K, committed 11200K, reserved 1048576K
}
Event: 15.907 GC heap before
{Heap before GC invocations=24 (full 0):
 garbage-first heap   total 95232K, used 83811K [0x00000000c1600000, 0x0000000100000000)
  region size 1024K, 43 young (44032K), 5 survivors (5120K)
 Metaspace       used 82236K, committed 83008K, reserved 1179648K
  class space    used 11065K, committed 11392K, reserved 1048576K
}
Event: 15.919 GC heap after
{Heap after GC invocations=25 (full 0):
 garbage-first heap   total 95232K, used 46335K [0x00000000c1600000, 0x0000000100000000)
  region size 1024K, 4 young (4096K), 4 survivors (4096K)
 Metaspace       used 82236K, committed 83008K, reserved 1179648K
  class space    used 11065K, committed 11392K, reserved 1048576K
}
Event: 16.427 GC heap before
{Heap before GC invocations=25 (full 0):
 garbage-first heap   total 95232K, used 84223K [0x00000000c1600000, 0x0000000100000000)
  region size 1024K, 41 young (41984K), 4 survivors (4096K)
 Metaspace       used 82917K, committed 83712K, reserved 1179648K
  class space    used 11175K, committed 11520K, reserved 1048576K
}
Event: 16.443 GC heap after
{Heap after GC invocations=26 (full 0):
 garbage-first heap   total 95232K, used 48129K [0x00000000c1600000, 0x0000000100000000)
  region size 1024K, 4 young (4096K), 4 survivors (4096K)
 Metaspace       used 82917K, committed 83712K, reserved 1179648K
  class space    used 11175K, committed 11520K, reserved 1048576K
}
Event: 16.937 GC heap before
{Heap before GC invocations=26 (full 0):
 garbage-first heap   total 95232K, used 83969K [0x00000000c1600000, 0x0000000100000000)
  region size 1024K, 39 young (39936K), 4 survivors (4096K)
 Metaspace       used 83856K, committed 84736K, reserved 1179648K
  class space    used 11344K, committed 11776K, reserved 1048576K
}
Event: 16.950 GC heap after
{Heap after GC invocations=27 (full 0):
 garbage-first heap   total 95232K, used 49653K [0x00000000c1600000, 0x0000000100000000)
  region size 1024K, 4 young (4096K), 4 survivors (4096K)
 Metaspace       used 83856K, committed 84736K, reserved 1179648K
  class space    used 11344K, committed 11776K, reserved 1048576K
}
Event: 17.385 GC heap before
{Heap before GC invocations=28 (full 0):
 garbage-first heap   total 99328K, used 83445K [0x00000000c1600000, 0x0000000100000000)
  region size 1024K, 37 young (37888K), 4 survivors (4096K)
 Metaspace       used 84880K, committed 85760K, reserved 1179648K
  class space    used 11490K, committed 11904K, reserved 1048576K
}
Event: 17.396 GC heap after
{Heap after GC invocations=29 (full 0):
 garbage-first heap   total 99328K, used 51625K [0x00000000c1600000, 0x0000000100000000)
  region size 1024K, 4 young (4096K), 4 survivors (4096K)
 Metaspace       used 84880K, committed 85760K, reserved 1179648K
  class space    used 11490K, committed 11904K, reserved 1048576K
}

