# JRE version: OpenJDK Runtime Environment Temurin-21.0.10+7 (21.0.10+7) (build 21.0.10+7-LTS)
# Java VM: OpenJDK 64-Bit Server VM Temurin-21.0.10+7 (21.0.10+7-LTS, mixed mode, sharing, tiered, compressed oops, compressed class ptrs, parallel gc, windows-amd64)
GC Precious Log:
 CardTable entry size: 512
 CPUs: 4 total, 4 available
 Memory: 4001M
 Large Page Support: Disabled
 NUMA Support: Disabled
 Compressed Oops: Enabled (32-bit)
 Alignments: Space 512K, Generation 512K, Heap 2M
 Heap Min Capacity: 100M
 Heap Initial Capacity: 100M
 Heap Max Capacity: 2G
 Pre-touch: Disabled
 Parallel Workers: 4
Heap:
 PSYoungGen      total 3072K, used 1694K [0x00000000d5580000, 0x00000000d5a80000, 0x0000000100000000)
  eden space 2560K, 58% used [0x00000000d5580000,0x00000000d56f3aa8,0x00000000d5800000)
  from space 512K, 40% used [0x00000000d5a00000,0x00000000d5a34010,0x00000000d5a80000)
  to   space 512K, 0% used [0x00000000d5980000,0x00000000d5980000,0x00000000d5a00000)
 ParOldGen       total 124416K, used 99471K [0x0000000080000000, 0x0000000087980000, 0x00000000d5580000)
  object space 124416K, 79% used [0x0000000080000000,0x0000000086123d10,0x0000000087980000)
 Metaspace       used 76513K, committed 78912K, reserved 1179648K
  class space    used 7777K, committed 8704K, reserved 1048576K
GC Heap History (20 events):
Event: 11456.293 GC heap before
{Heap before GC invocations=1090 (full 4):
 PSYoungGen      total 3072K, used 2688K [0x00000000d5580000, 0x00000000d5a80000, 0x0000000100000000)
  eden space 2560K, 100% used [0x00000000d5580000,0x00000000d5800000,0x00000000d5800000)
  from space 512K, 25% used [0x00000000d5a00000,0x00000000d5a20000,0x00000000d5a80000)
  to   space 512K, 0% used [0x00000000d5980000,0x00000000d5980000,0x00000000d5a00000)
 ParOldGen       total 124416K, used 98751K [0x0000000080000000, 0x0000000087980000, 0x00000000d5580000)
  object space 124416K, 79% used [0x0000000080000000,0x000000008606fd10,0x0000000087980000)
 Metaspace       used 76503K, committed 78912K, reserved 1179648K
  class space    used 7777K, committed 8704K, reserved 1048576K
}
Event: 11456.294 GC heap after
{Heap after GC invocations=1090 (full 4):
 PSYoungGen      total 3072K, used 96K [0x00000000d5580000, 0x00000000d5a80000, 0x0000000100000000)
  eden space 2560K, 0% used [0x00000000d5580000,0x00000000d5580000,0x00000000d5800000)
  from space 512K, 18% used [0x00000000d5980000,0x00000000d5998000,0x00000000d5a00000)
  to   space 512K, 0% used [0x00000000d5a00000,0x00000000d5a00000,0x00000000d5a80000)
 ParOldGen       total 124416K, used 98791K [0x0000000080000000, 0x0000000087980000, 0x00000000d5580000)
  object space 124416K, 79% used [0x0000000080000000,0x0000000086079d10,0x0000000087980000)
 Metaspace       used 76503K, committed 78912K, reserved 1179648K
  class space    used 7777K, committed 8704K, reserved 1048576K
}
Event: 11456.305 GC heap before
{Heap before GC invocations=1091 (full 4):
 PSYoungGen      total 3072K, used 2656K [0x00000000d5580000, 0x00000000d5a80000, 0x0000000100000000)
  eden space 2560K, 100% used [0x00000000d5580000,0x00000000d5800000,0x00000000d5800000)
  from space 512K, 18% used [0x00000000d5980000,0x00000000d5998000,0x00000000d5a00000)
  to   space 512K, 0% used [0x00000000d5a00000,0x00000000d5a00000,0x00000000d5a80000)
 ParOldGen       total 124416K, used 98791K [0x0000000080000000, 0x0000000087980000, 0x00000000d5580000)
  object space 124416K, 79% used [0x0000000080000000,0x0000000086079d10,0x0000000087980000)
 Metaspace       used 76503K, committed 78912K, reserved 1179648K
  class space    used 7777K, committed 8704K, reserved 1048576K
}
Event: 11456.308 GC heap after
{Heap after GC invocations=1091 (full 4):
 PSYoungGen      total 3072K, used 497K [0x00000000d5580000, 0x00000000d5a80000, 0x0000000100000000)
  eden space 2560K, 0% used [0x00000000d5580000,0x00000000d5580000,0x00000000d5800000)
  from space 512K, 97% used [0x00000000d5a00000,0x00000000d5a7c5b0,0x00000000d5a80000)
  to   space 1024K, 0% used [0x00000000d5880000,0x00000000d5880000,0x00000000d5980000)
 ParOldGen       total 124416K, used 99103K [0x0000000080000000, 0x0000000087980000, 0x00000000d5580000)
  object space 124416K, 79% used [0x0000000080000000,0x00000000860c7d10,0x0000000087980000)
 Metaspace       used 76503K, committed 78912K, reserved 1179648K
  class space    used 7777K, committed 8704K, reserved 1048576K
}
Event: 11456.326 GC heap before
{Heap before GC invocations=1092 (full 4):
 PSYoungGen      total 3072K, used 3057K [0x00000000d5580000, 0x00000000d5a80000, 0x0000000100000000)
  eden space 2560K, 100% used [0x00000000d5580000,0x00000000d5800000,0x00000000d5800000)
  from space 512K, 97% used [0x00000000d5a00000,0x00000000d5a7c5b0,0x00000000d5a80000)
  to   space 1024K, 0% used [0x00000000d5880000,0x00000000d5880000,0x00000000d5980000)
 ParOldGen       total 124416K, used 99103K [0x0000000080000000, 0x0000000087980000, 0x00000000d5580000)
  object space 124416K, 79% used [0x0000000080000000,0x00000000860c7d10,0x0000000087980000)
 Metaspace       used 76503K, committed 78912K, reserved 1179648K
  class space    used 7777K, committed 8704K, reserved 1048576K
}
Event: 11456.328 GC heap after
{Heap after GC invocations=1092 (full 4):
 PSYoungGen      total 3584K, used 128K [0x00000000d5580000, 0x00000000d5a80000, 0x0000000100000000)
  eden space 2560K, 0% used [0x00000000d5580000,0x00000000d5580000,0x00000000d5800000)
  from space 1024K, 12% used [0x00000000d5880000,0x00000000d58a0000,0x00000000d5980000)
  to   space 512K, 0% used [0x00000000d5a00000,0x00000000d5a00000,0x00000000d5a80000)
 ParOldGen       total 124416K, used 99127K [0x0000000080000000, 0x0000000087980000, 0x00000000d5580000)
  object space 124416K, 79% used [0x0000000080000000,0x00000000860cdd10,0x0000000087980000)
 Metaspace       used 76503K, committed 78912K, reserved 1179648K
  class space    used 7777K, committed 8704K, reserved 1048576K
}
Event: 11456.478 GC heap before
{Heap before GC invocations=1093 (full 4):
 PSYoungGen      total 3584K, used 2688K [0x00000000d5580000, 0x00000000d5a80000, 0x0000000100000000)
  eden space 2560K, 100% used [0x00000000d5580000,0x00000000d5800000,0x00000000d5800000)
  from space 1024K, 12% used [0x00000000d5880000,0x00000000d58a0000,0x00000000d5980000)
  to   space 512K, 0% used [0x00000000d5a00000,0x00000000d5a00000,0x00000000d5a80000)
 ParOldGen       total 124416K, used 99127K [0x0000000080000000, 0x0000000087980000, 0x00000000d5580000)
  object space 124416K, 79% used [0x0000000080000000,0x00000000860cdd10,0x0000000087980000)
 Metaspace       used 76503K, committed 78912K, reserved 1179648K
  class space    used 7777K, committed 8704K, reserved 1048576K
}
Event: 11456.480 GC heap after
{Heap after GC invocations=1093 (full 4):
 PSYoungGen      total 3072K, used 264K [0x00000000d5580000, 0x00000000d5a80000, 0x0000000100000000)
  eden space 2560K, 0% used [0x00000000d5580000,0x00000000d5580000,0x00000000d5800000)
  from space 512K, 51% used [0x00000000d5a00000,0x00000000d5a42148,0x00000000d5a80000)
  to   space 512K, 0% used [0x00000000d5980000,0x00000000d5980000,0x00000000d5a00000)
 ParOldGen       total 124416K, used 99199K [0x0000000080000000, 0x0000000087980000, 0x00000000d5580000)
  object space 124416K, 79% used [0x0000000080000000,0x00000000860dfd10,0x0000000087980000)
 Metaspace       used 76503K, committed 78912K, reserved 1179648K
  class space    used 7777K, committed 8704K, reserved 1048576K
}
Event: 11456.685 GC heap before
{Heap before GC invocations=1094 (full 4):
 PSYoungGen      total 3072K, used 2822K [0x00000000d5580000, 0x00000000d5a80000, 0x0000000100000000)
  eden space 2560K, 99% used [0x00000000d5580000,0x00000000d57ff910,0x00000000d5800000)
  from space 512K, 51% used [0x00000000d5a00000,0x00000000d5a42148,0x00000000d5a80000)
  to   space 512K, 0% used [0x00000000d5980000,0x00000000d5980000,0x00000000d5a00000)
 ParOldGen       total 124416K, used 99199K [0x0000000080000000, 0x0000000087980000, 0x00000000d5580000)
  object space 124416K, 79% used [0x0000000080000000,0x00000000860dfd10,0x0000000087980000)
 Metaspace       used 76503K, committed 78912K, reserved 1179648K
  class space    used 7777K, committed 8704K, reserved 1048576K
}
Event: 11456.688 GC heap after
{Heap after GC invocations=1094 (full 4):
 PSYoungGen      total 3072K, used 265K [0x00000000d5580000, 0x00000000d5a80000, 0x0000000100000000)
  eden space 2560K, 0% used [0x00000000d5580000,0x00000000d5580000,0x00000000d5800000)
  from space 512K, 51% used [0x00000000d5980000,0x00000000d59c2400,0x00000000d5a00000)
  to   space 512K, 0% used [0x00000000d5a00000,0x00000000d5a00000,0x00000000d5a80000)
 ParOldGen       total 124416K, used 99223K [0x0000000080000000, 0x0000000087980000, 0x00000000d5580000)
  object space 124416K, 79% used [0x0000000080000000,0x00000000860e5d10,0x0000000087980000)
 Metaspace       used 76503K, committed 78912K, reserved 1179648K
  class space    used 7777K, committed 8704K, reserved 1048576K
}
Event: 11456.704 GC heap before
{Heap before GC invocations=1095 (full 4):
 PSYoungGen      total 3072K, used 2825K [0x00000000d5580000, 0x00000000d5a80000, 0x0000000100000000)
  eden space 2560K, 100% used [0x00000000d5580000,0x00000000d5800000,0x00000000d5800000)
  from space 512K, 51% used [0x00000000d5980000,0x00000000d59c2400,0x00000000d5a00000)
  to   space 512K, 0% used [0x00000000d5a00000,0x00000000d5a00000,0x00000000d5a80000)
 ParOldGen       total 124416K, used 99223K [0x0000000080000000, 0x0000000087980000, 0x00000000d5580000)
  object space 124416K, 79% used [0x0000000080000000,0x00000000860e5d10,0x0000000087980000)
 Metaspace       used 76505K, committed 78912K, reserved 1179648K
  class space    used 7777K, committed 8704K, reserved 1048576K
}
Event: 11456.706 GC heap after
{Heap after GC invocations=1095 (full 4):
 PSYoungGen      total 3072K, used 297K [0x00000000d5580000, 0x00000000d5a80000, 0x0000000100000000)
  eden space 2560K, 0% used [0x00000000d5580000,0x00000000d5580000,0x00000000d5800000)
  from space 512K, 58% used [0x00000000d5a00000,0x00000000d5a4a400,0x00000000d5a80000)
  to   space 512K, 0% used [0x00000000d5980000,0x00000000d5980000,0x00000000d5a00000)
 ParOldGen       total 124416K, used 99247K [0x0000000080000000, 0x0000000087980000, 0x00000000d5580000)
  object space 124416K, 79% used [0x0000000080000000,0x00000000860ebd10,0x0000000087980000)
 Metaspace       used 76505K, committed 78912K, reserved 1179648K
  class space    used 7777K, committed 8704K, reserved 1048576K
}
Event: 11456.764 GC heap before
{Heap before GC invocations=1096 (full 4):
 PSYoungGen      total 3072K, used 2857K [0x00000000d5580000, 0x00000000d5a80000, 0x0000000100000000)
  eden space 2560K, 100% used [0x00000000d5580000,0x00000000d5800000,0x00000000d5800000)
  from space 512K, 58% used [0x00000000d5a00000,0x00000000d5a4a400,0x00000000d5a80000)
  to   space 512K, 0% used [0x00000000d5980000,0x00000000d5980000,0x00000000d5a00000)
 ParOldGen       total 124416K, used 99247K [0x0000000080000000, 0x0000000087980000, 0x00000000d5580000)
  object space 124416K, 79% used [0x0000000080000000,0x00000000860ebd10,0x0000000087980000)
 Metaspace       used 76506K, committed 78912K, reserved 1179648K
  class space    used 7777K, committed 8704K, reserved 1048576K
}
Event: 11456.765 GC heap after
{Heap after GC invocations=1096 (full 4):
 PSYoungGen      total 3072K, used 256K [0x00000000d5580000, 0x00000000d5a80000, 0x0000000100000000)
  eden space 2560K, 0% used [0x00000000d5580000,0x00000000d5580000,0x00000000d5800000)
  from space 512K, 50% used [0x00000000d5980000,0x00000000d59c0000,0x00000000d5a00000)
  to   space 512K, 0% used [0x00000000d5a00000,0x00000000d5a00000,0x00000000d5a80000)
 ParOldGen       total 124416K, used 99247K [0x0000000080000000, 0x0000000087980000, 0x00000000d5580000)
  object space 124416K, 79% used [0x0000000080000000,0x00000000860ebd10,0x0000000087980000)
 Metaspace       used 76506K, committed 78912K, reserved 1179648K
  class space    used 7777K, committed 8704K, reserved 1048576K
}
Event: 11456.775 GC heap before
{Heap before GC invocations=1097 (full 4):
 PSYoungGen      total 3072K, used 2816K [0x00000000d5580000, 0x00000000d5a80000, 0x0000000100000000)
  eden space 2560K, 100% used [0x00000000d5580000,0x00000000d5800000,0x00000000d5800000)
  from space 512K, 50% used [0x00000000d5980000,0x00000000d59c0000,0x00000000d5a00000)
  to   space 512K, 0% used [0x00000000d5a00000,0x00000000d5a00000,0x00000000d5a80000)
 ParOldGen       total 124416K, used 99247K [0x0000000080000000, 0x0000000087980000, 0x00000000d5580000)
  object space 124416K, 79% used [0x0000000080000000,0x00000000860ebd10,0x0000000087980000)
 Metaspace       used 76506K, committed 78912K, reserved 1179648K
  class space    used 7777K, committed 8704K, reserved 1048576K
}
Event: 11456.777 GC heap after
{Heap after GC invocations=1097 (full 4):
 PSYoungGen      total 3072K, used 473K [0x00000000d5580000, 0x00000000d5a80000, 0x0000000100000000)
  eden space 2560K, 0% used [0x00000000d5580000,0x00000000d5580000,0x00000000d5800000)
  from space 512K, 92% used [0x00000000d5a00000,0x00000000d5a76410,0x00000000d5a80000)
  to   space 512K, 0% used [0x00000000d5980000,0x00000000d5980000,0x00000000d5a00000)
 ParOldGen       total 124416K, used 99327K [0x0000000080000000, 0x0000000087980000, 0x00000000d5580000)
  object space 124416K, 79% used [0x0000000080000000,0x00000000860ffd10,0x0000000087980000)
 Metaspace       used 76506K, committed 78912K, reserved 1179648K
  class space    used 7777K, committed 8704K, reserved 1048576K
}
Event: 11456.796 GC heap before
{Heap before GC invocations=1098 (full 4):
 PSYoungGen      total 3072K, used 3033K [0x00000000d5580000, 0x00000000d5a80000, 0x0000000100000000)
  eden space 2560K, 100% used [0x00000000d5580000,0x00000000d5800000,0x00000000d5800000)
  from space 512K, 92% used [0x00000000d5a00000,0x00000000d5a76410,0x00000000d5a80000)
  to   space 512K, 0% used [0x00000000d5980000,0x00000000d5980000,0x00000000d5a00000)
 ParOldGen       total 124416K, used 99327K [0x0000000080000000, 0x0000000087980000, 0x00000000d5580000)
  object space 124416K, 79% used [0x0000000080000000,0x00000000860ffd10,0x0000000087980000)
 Metaspace       used 76510K, committed 78912K, reserved 1179648K
  class space    used 7777K, committed 8704K, reserved 1048576K
}
Event: 11456.797 GC heap after
{Heap after GC invocations=1098 (full 4):
 PSYoungGen      total 3072K, used 457K [0x00000000d5580000, 0x00000000d5a80000, 0x0000000100000000)
  eden space 2560K, 0% used [0x00000000d5580000,0x00000000d5580000,0x00000000d5800000)
  from space 512K, 89% used [0x00000000d5980000,0x00000000d59f2400,0x00000000d5a00000)
  to   space 512K, 0% used [0x00000000d5a00000,0x00000000d5a00000,0x00000000d5a80000)
 ParOldGen       total 124416K, used 99343K [0x0000000080000000, 0x0000000087980000, 0x00000000d5580000)
  object space 124416K, 79% used [0x0000000080000000,0x0000000086103d10,0x0000000087980000)
 Metaspace       used 76510K, committed 78912K, reserved 1179648K
  class space    used 7777K, committed 8704K, reserved 1048576K
}
Event: 11456.810 GC heap before
{Heap before GC invocations=1099 (full 4):
 PSYoungGen      total 3072K, used 3017K [0x00000000d5580000, 0x00000000d5a80000, 0x0000000100000000)
  eden space 2560K, 100% used [0x00000000d5580000,0x00000000d5800000,0x00000000d5800000)
  from space 512K, 89% used [0x00000000d5980000,0x00000000d59f2400,0x00000000d5a00000)
  to   space 512K, 0% used [0x00000000d5a00000,0x00000000d5a00000,0x00000000d5a80000)
 ParOldGen       total 124416K, used 99343K [0x0000000080000000, 0x0000000087980000, 0x00000000d5580000)
  object space 124416K, 79% used [0x0000000080000000,0x0000000086103d10,0x0000000087980000)
 Metaspace       used 76510K, committed 78912K, reserved 1179648K
  class space    used 7777K, committed 8704K, reserved 1048576K
}
Event: 11456.811 GC heap after
{Heap after GC invocations=1099 (full 4):
 PSYoungGen      total 3072K, used 208K [0x00000000d5580000, 0x00000000d5a80000, 0x0000000100000000)
  eden space 2560K, 0% used [0x00000000d5580000,0x00000000d5580000,0x00000000d5800000)
  from space 512K, 40% used [0x00000000d5a00000,0x00000000d5a34010,0x00000000d5a80000)
  to   space 512K, 0% used [0x00000000d5980000,0x00000000d5980000,0x00000000d5a00000)
 ParOldGen       total 124416K, used 99471K [0x0000000080000000, 0x0000000087980000, 0x00000000d5580000)
  object space 124416K, 79% used [0x0000000080000000,0x0000000086123d10,0x0000000087980000)
 Metaspace       used 76510K, committed 78912K, reserved 1179648K
  class space    used 7777K, committed 8704K, reserved 1048576K
}

