# JRE version: Java(TM) SE Runtime Environment (21.0.11+9) (build 21.0.11+9-LTS-211)
# Java VM: Java HotSpot(TM) 64-Bit Server VM (21.0.11+9-LTS-211, mixed mode, sharing, tiered, compressed oops, compressed class ptrs, g1 gc, windows-amd64)
GC Precious Log:
 CardTable entry size: 512
 Card Set container configuration: InlinePtr #cards 5 size 8 Array Of Cards #cards 12 size 40 Howl #buckets 4 coarsen threshold 1843 Howl Bitmap #cards 512 size 80 coarsen threshold 460 Card regions per heap region 1 cards per card region 2048
 CPUs: 4 total, 4 available
 Memory: 4001M
 Large Page Support: Disabled
 NUMA Support: Disabled
 Compressed Oops: Enabled (32-bit)
 Heap Region Size: 1M
 Heap Min Capacity: 8M
 Heap Initial Capacity: 64M
 Heap Max Capacity: 1002M
 Pre-touch: Disabled
 Parallel Workers: 4
 Concurrent Workers: 1
 Concurrent Refinement Workers: 4
 Periodic GC: Disabled
Heap:
 garbage-first heap   total 73728K, used 40774K [0x00000000c1600000, 0x0000000100000000)
  region size 1024K, 15 young (15360K), 3 survivors (3072K)
 Metaspace       used 61950K, committed 62528K, reserved 1114112K
  class space    used 8471K, committed 8768K, reserved 1048576K
GC Heap History (20 events):
Event: 1.735 GC heap before
{Heap before GC invocations=2 (full 0):
 garbage-first heap   total 65536K, used 34106K [0x00000000c1600000, 0x0000000100000000)
  region size 1024K, 23 young (23552K), 2 survivors (2048K)
 Metaspace       used 9034K, committed 9280K, reserved 1114112K
  class space    used 1080K, committed 1216K, reserved 1048576K
}
Event: 1.741 GC heap after
{Heap after GC invocations=3 (full 0):
 garbage-first heap   total 65536K, used 14434K [0x00000000c1600000, 0x0000000100000000)
  region size 1024K, 2 young (2048K), 2 survivors (2048K)
 Metaspace       used 9034K, committed 9280K, reserved 1114112K
  class space    used 1080K, committed 1216K, reserved 1048576K
}
Event: 2.948 GC heap before
{Heap before GC invocations=3 (full 0):
 garbage-first heap   total 65536K, used 44130K [0x00000000c1600000, 0x0000000100000000)
  region size 1024K, 31 young (31744K), 2 survivors (2048K)
 Metaspace       used 16802K, committed 17152K, reserved 1114112K
  class space    used 2187K, committed 2368K, reserved 1048576K
}
Event: 2.956 GC heap after
{Heap after GC invocations=4 (full 0):
 garbage-first heap   total 65536K, used 16526K [0x00000000c1600000, 0x0000000100000000)
  region size 1024K, 4 young (4096K), 4 survivors (4096K)
 Metaspace       used 16802K, committed 17152K, reserved 1114112K
  class space    used 2187K, committed 2368K, reserved 1048576K
}
Event: 3.249 GC heap before
{Heap before GC invocations=4 (full 0):
 garbage-first heap   total 65536K, used 31886K [0x00000000c1600000, 0x0000000100000000)
  region size 1024K, 21 young (21504K), 4 survivors (4096K)
 Metaspace       used 21119K, committed 21504K, reserved 1114112K
  class space    used 2689K, committed 2880K, reserved 1048576K
}
Event: 3.256 GC heap after
{Heap after GC invocations=5 (full 0):
 garbage-first heap   total 65536K, used 17263K [0x00000000c1600000, 0x0000000100000000)
  region size 1024K, 3 young (3072K), 3 survivors (3072K)
 Metaspace       used 21119K, committed 21504K, reserved 1114112K
  class space    used 2689K, committed 2880K, reserved 1048576K
}
Event: 4.611 GC heap before
{Heap before GC invocations=6 (full 0):
 garbage-first heap   total 61440K, used 50031K [0x00000000c1600000, 0x0000000100000000)
  region size 1024K, 35 young (35840K), 3 survivors (3072K)
 Metaspace       used 25674K, committed 26048K, reserved 1114112K
  class space    used 3296K, committed 3456K, reserved 1048576K
}
Event: 4.623 GC heap after
{Heap after GC invocations=7 (full 0):
 garbage-first heap   total 61440K, used 20595K [0x00000000c1600000, 0x0000000100000000)
  region size 1024K, 4 young (4096K), 4 survivors (4096K)
 Metaspace       used 25674K, committed 26048K, reserved 1114112K
  class space    used 3296K, committed 3456K, reserved 1048576K
}
Event: 6.417 GC heap before
{Heap before GC invocations=7 (full 0):
 garbage-first heap   total 61440K, used 47219K [0x00000000c1600000, 0x0000000100000000)
  region size 1024K, 31 young (31744K), 4 survivors (4096K)
 Metaspace       used 29090K, committed 29568K, reserved 1114112K
  class space    used 3733K, committed 3968K, reserved 1048576K
}
Event: 6.437 GC heap after
{Heap after GC invocations=8 (full 0):
 garbage-first heap   total 61440K, used 22867K [0x00000000c1600000, 0x0000000100000000)
  region size 1024K, 3 young (3072K), 3 survivors (3072K)
 Metaspace       used 29090K, committed 29568K, reserved 1114112K
  class space    used 3733K, committed 3968K, reserved 1048576K
}
Event: 7.423 GC heap before
{Heap before GC invocations=8 (full 0):
 garbage-first heap   total 61440K, used 45395K [0x00000000c1600000, 0x0000000100000000)
  region size 1024K, 27 young (27648K), 3 survivors (3072K)
 Metaspace       used 35659K, committed 36096K, reserved 1114112K
  class space    used 4530K, committed 4736K, reserved 1048576K
}
Event: 7.437 GC heap after
{Heap after GC invocations=9 (full 0):
 garbage-first heap   total 61440K, used 25584K [0x00000000c1600000, 0x0000000100000000)
  region size 1024K, 3 young (3072K), 3 survivors (3072K)
 Metaspace       used 35659K, committed 36096K, reserved 1114112K
  class space    used 4530K, committed 4736K, reserved 1048576K
}
Event: 8.582 GC heap before
{Heap before GC invocations=10 (full 0):
 garbage-first heap   total 61440K, used 49136K [0x00000000c1600000, 0x0000000100000000)
  region size 1024K, 27 young (27648K), 3 survivors (3072K)
 Metaspace       used 41897K, committed 42368K, reserved 1114112K
  class space    used 5538K, committed 5760K, reserved 1048576K
}
Event: 8.589 GC heap after
{Heap after GC invocations=11 (full 0):
 garbage-first heap   total 61440K, used 26894K [0x00000000c1600000, 0x0000000100000000)
  region size 1024K, 2 young (2048K), 2 survivors (2048K)
 Metaspace       used 41897K, committed 42368K, reserved 1114112K
  class space    used 5538K, committed 5760K, reserved 1048576K
}
Event: 9.497 GC heap before
{Heap before GC invocations=11 (full 0):
 garbage-first heap   total 61440K, used 51470K [0x00000000c1600000, 0x0000000100000000)
  region size 1024K, 27 young (27648K), 2 survivors (2048K)
 Metaspace       used 49582K, committed 50112K, reserved 1114112K
  class space    used 6548K, committed 6784K, reserved 1048576K
}
Event: 9.507 GC heap after
{Heap after GC invocations=12 (full 0):
 garbage-first heap   total 61440K, used 28295K [0x00000000c1600000, 0x0000000100000000)
  region size 1024K, 3 young (3072K), 3 survivors (3072K)
 Metaspace       used 49582K, committed 50112K, reserved 1114112K
  class space    used 6548K, committed 6784K, reserved 1048576K
}
Event: 10.286 GC heap before
{Heap before GC invocations=12 (full 0):
 garbage-first heap   total 61440K, used 51847K [0x00000000c1600000, 0x0000000100000000)
  region size 1024K, 27 young (27648K), 3 survivors (3072K)
 Metaspace       used 57920K, committed 58496K, reserved 1114112K
  class space    used 7721K, committed 8000K, reserved 1048576K
}
Event: 10.298 GC heap after
{Heap after GC invocations=13 (full 0):
 garbage-first heap   total 73728K, used 29531K [0x00000000c1600000, 0x0000000100000000)
  region size 1024K, 3 young (3072K), 3 survivors (3072K)
 Metaspace       used 57920K, committed 58496K, reserved 1114112K
  class space    used 7721K, committed 8000K, reserved 1048576K
}
Event: 10.656 GC heap before
{Heap before GC invocations=13 (full 0):
 garbage-first heap   total 73728K, used 36699K [0x00000000c1600000, 0x0000000100000000)
  region size 1024K, 11 young (11264K), 3 survivors (3072K)
 Metaspace       used 59801K, committed 60288K, reserved 1114112K
  class space    used 8088K, committed 8320K, reserved 1048576K
}
Event: 10.666 GC heap after
{Heap after GC invocations=14 (full 0):
 garbage-first heap   total 73728K, used 29510K [0x00000000c1600000, 0x0000000100000000)
  region size 1024K, 3 young (3072K), 3 survivors (3072K)
 Metaspace       used 59801K, committed 60288K, reserved 1114112K
  class space    used 8088K, committed 8320K, reserved 1048576K
}

