# JRE version: Java(TM) SE Runtime Environment (21.0.11+9) (build 21.0.11+9-LTS-211)
# Java VM: Java HotSpot(TM) 64-Bit Server VM (21.0.11+9-LTS-211, mixed mode, sharing, tiered, compressed oops, compressed class ptrs, g1 gc, windows-amd64)
GC Precious Log:
 CardTable entry size: 512
 Card Set container configuration: InlinePtr #cards 5 size 8 Array Of Cards #cards 12 size 40 Howl #buckets 4 coarsen threshold 1843 Howl Bitmap #cards 512 size 80 coarsen threshold 460 Card regions per heap region 1 cards per card region 2048
 CPUs: 4 total, 4 available
 Memory: 4001M
 Large Page Support: Disabled
 NUMA Support: Disabled
 Compressed Oops: Enabled (32-bit)
 Heap Region Size: 1M
 Heap Min Capacity: 8M
 Heap Initial Capacity: 64M
 Heap Max Capacity: 1002M
 Pre-touch: Disabled
 Parallel Workers: 4
 Concurrent Workers: 1
 Concurrent Refinement Workers: 4
 Periodic GC: Disabled
Heap:
 garbage-first heap   total 116736K, used 91245K [0x00000000c1600000, 0x0000000100000000)
  region size 1024K, 29 young (29696K), 3 survivors (3072K)
 Metaspace       used 34808K, committed 35328K, reserved 1114112K
  class space    used 3825K, committed 4096K, reserved 1048576K
GC Heap History (20 events):
Event: 8.144 GC heap before
{Heap before GC invocations=10 (full 0):
 garbage-first heap   total 86016K, used 69632K [0x00000000c1600000, 0x0000000100000000)
  region size 1024K, 32 young (32768K), 6 survivors (6144K)
 Metaspace       used 27821K, committed 28160K, reserved 1114112K
  class space    used 3100K, committed 3264K, reserved 1048576K
}
Event: 8.158 GC heap after
{Heap after GC invocations=11 (full 0):
 garbage-first heap   total 86016K, used 47104K [0x00000000c1600000, 0x0000000100000000)
  region size 1024K, 3 young (3072K), 3 survivors (3072K)
 Metaspace       used 27821K, committed 28160K, reserved 1114112K
  class space    used 3100K, committed 3264K, reserved 1048576K
}
Event: 8.676 GC heap before
{Heap before GC invocations=11 (full 0):
 garbage-first heap   total 86016K, used 72704K [0x00000000c1600000, 0x0000000100000000)
  region size 1024K, 28 young (28672K), 3 survivors (3072K)
 Metaspace       used 29331K, committed 29760K, reserved 1114112K
  class space    used 3272K, committed 3456K, reserved 1048576K
}
Event: 8.683 GC heap after
{Heap after GC invocations=12 (full 0):
 garbage-first heap   total 86016K, used 48128K [0x00000000c1600000, 0x0000000100000000)
  region size 1024K, 1 young (1024K), 1 survivors (1024K)
 Metaspace       used 29331K, committed 29760K, reserved 1114112K
  class space    used 3272K, committed 3456K, reserved 1048576K
}
Event: 9.502 GC heap before
{Heap before GC invocations=13 (full 0):
 garbage-first heap   total 86016K, used 71680K [0x00000000c1600000, 0x0000000100000000)
  region size 1024K, 27 young (27648K), 1 survivors (1024K)
 Metaspace       used 30718K, committed 31232K, reserved 1114112K
  class space    used 3407K, committed 3648K, reserved 1048576K
}
Event: 9.506 GC heap after
{Heap after GC invocations=14 (full 0):
 garbage-first heap   total 86016K, used 45762K [0x00000000c1600000, 0x0000000100000000)
  region size 1024K, 2 young (2048K), 2 survivors (2048K)
 Metaspace       used 30718K, committed 31232K, reserved 1114112K
  class space    used 3407K, committed 3648K, reserved 1048576K
}
Event: 10.402 GC heap before
{Heap before GC invocations=14 (full 0):
 garbage-first heap   total 86016K, used 79554K [0x00000000c1600000, 0x0000000100000000)
  region size 1024K, 31 young (31744K), 2 survivors (2048K)
 Metaspace       used 31575K, committed 32128K, reserved 1114112K
  class space    used 3508K, committed 3776K, reserved 1048576K
}
Event: 10.420 GC heap after
{Heap after GC invocations=15 (full 0):
 garbage-first heap   total 89088K, used 53953K [0x00000000c1600000, 0x0000000100000000)
  region size 1024K, 4 young (4096K), 4 survivors (4096K)
 Metaspace       used 31575K, committed 32128K, reserved 1114112K
  class space    used 3508K, committed 3776K, reserved 1048576K
}
Event: 10.451 GC heap before
{Heap before GC invocations=15 (full 0):
 garbage-first heap   total 89088K, used 56001K [0x00000000c1600000, 0x0000000100000000)
  region size 1024K, 7 young (7168K), 4 survivors (4096K)
 Metaspace       used 31580K, committed 32128K, reserved 1114112K
  class space    used 3508K, committed 3776K, reserved 1048576K
}
Event: 10.458 GC heap after
{Heap after GC invocations=16 (full 0):
 garbage-first heap   total 107520K, used 55632K [0x00000000c1600000, 0x0000000100000000)
  region size 1024K, 2 young (2048K), 2 survivors (2048K)
 Metaspace       used 31580K, committed 32128K, reserved 1114112K
  class space    used 3508K, committed 3776K, reserved 1048576K
}
Event: 10.777 GC heap before
{Heap before GC invocations=17 (full 0):
 garbage-first heap   total 116736K, used 84304K [0x00000000c1600000, 0x0000000100000000)
  region size 1024K, 29 young (29696K), 2 survivors (2048K)
 Metaspace       used 31595K, committed 32128K, reserved 1114112K
  class space    used 3508K, committed 3776K, reserved 1048576K
}
Event: 10.785 GC heap after
{Heap after GC invocations=18 (full 0):
 garbage-first heap   total 116736K, used 66422K [0x00000000c1600000, 0x0000000100000000)
  region size 1024K, 4 young (4096K), 4 survivors (4096K)
 Metaspace       used 31595K, committed 32128K, reserved 1114112K
  class space    used 3508K, committed 3776K, reserved 1048576K
}
Event: 11.043 GC heap before
{Heap before GC invocations=18 (full 0):
 garbage-first heap   total 116736K, used 92022K [0x00000000c1600000, 0x0000000100000000)
  region size 1024K, 30 young (30720K), 4 survivors (4096K)
 Metaspace       used 31602K, committed 32128K, reserved 1114112K
  class space    used 3508K, committed 3776K, reserved 1048576K
}
Event: 11.064 GC heap after
{Heap after GC invocations=19 (full 0):
 garbage-first heap   total 116736K, used 66560K [0x00000000c1600000, 0x0000000100000000)
  region size 1024K, 4 young (4096K), 4 survivors (4096K)
 Metaspace       used 31602K, committed 32128K, reserved 1114112K
  class space    used 3508K, committed 3776K, reserved 1048576K
}
Event: 11.193 GC heap before
{Heap before GC invocations=19 (full 0):
 garbage-first heap   total 116736K, used 74752K [0x00000000c1600000, 0x0000000100000000)
  region size 1024K, 13 young (13312K), 4 survivors (4096K)
 Metaspace       used 31626K, committed 32128K, reserved 1114112K
  class space    used 3509K, committed 3776K, reserved 1048576K
}
Event: 11.201 GC heap after
{Heap after GC invocations=20 (full 0):
 garbage-first heap   total 116736K, used 69120K [0x00000000c1600000, 0x0000000100000000)
  region size 1024K, 2 young (2048K), 2 survivors (2048K)
 Metaspace       used 31626K, committed 32128K, reserved 1114112K
  class space    used 3509K, committed 3776K, reserved 1048576K
}
Event: 11.848 GC heap before
{Heap before GC invocations=21 (full 0):
 garbage-first heap   total 116736K, used 95744K [0x00000000c1600000, 0x0000000100000000)
  region size 1024K, 27 young (27648K), 2 survivors (2048K)
 Metaspace       used 31078K, committed 31680K, reserved 1114112K
  class space    used 3443K, committed 3712K, reserved 1048576K
}
Event: 11.851 GC heap after
{Heap after GC invocations=22 (full 0):
 garbage-first heap   total 116736K, used 70551K [0x00000000c1600000, 0x0000000100000000)
  region size 1024K, 3 young (3072K), 3 survivors (3072K)
 Metaspace       used 31078K, committed 31680K, reserved 1114112K
  class space    used 3443K, committed 3712K, reserved 1048576K
}
Event: 12.312 GC heap before
{Heap before GC invocations=22 (full 0):
 garbage-first heap   total 116736K, used 97175K [0x00000000c1600000, 0x0000000100000000)
  region size 1024K, 29 young (29696K), 3 survivors (3072K)
 Metaspace       used 31453K, committed 32000K, reserved 1114112K
  class space    used 3476K, committed 3712K, reserved 1048576K
}
Event: 12.321 GC heap after
{Heap after GC invocations=23 (full 0):
 garbage-first heap   total 116736K, used 65645K [0x00000000c1600000, 0x0000000100000000)
  region size 1024K, 3 young (3072K), 3 survivors (3072K)
 Metaspace       used 31453K, committed 32000K, reserved 1114112K
  class space    used 3476K, committed 3712K, reserved 1048576K
}

