# JRE version: Java(TM) SE Runtime Environment (21.0.11+9) (build 21.0.11+9-LTS-211)
# Java VM: Java HotSpot(TM) 64-Bit Server VM (21.0.11+9-LTS-211, mixed mode, sharing, tiered, compressed oops, compressed class ptrs, g1 gc, windows-amd64)
GC Precious Log:
 CardTable entry size: 512
 Card Set container configuration: InlinePtr #cards 5 size 8 Array Of Cards #cards 12 size 40 Howl #buckets 4 coarsen threshold 1843 Howl Bitmap #cards 512 size 80 coarsen threshold 460 Card regions per heap region 1 cards per card region 2048
 CPUs: 4 total, 4 available
 Memory: 4001M
 Large Page Support: Disabled
 NUMA Support: Disabled
 Compressed Oops: Enabled (32-bit)
 Heap Region Size: 1M
 Heap Min Capacity: 8M
 Heap Initial Capacity: 64M
 Heap Max Capacity: 1002M
 Pre-touch: Disabled
 Parallel Workers: 4
 Concurrent Workers: 1
 Concurrent Refinement Workers: 4
 Periodic GC: Disabled
Heap:
 garbage-first heap   total 78848K, used 39273K [0x00000000c1600000, 0x0000000100000000)
  region size 1024K, 25 young (25600K), 5 survivors (5120K)
 Metaspace       used 22223K, committed 22592K, reserved 1114112K
  class space    used 2398K, committed 2560K, reserved 1048576K
GC Heap History (20 events):
Event: 0.699 GC heap before
{Heap before GC invocations=0 (full 0):
 garbage-first heap   total 65536K, used 13312K [0x00000000c1600000, 0x0000000100000000)
  region size 1024K, 13 young (13312K), 0 survivors (0K)
 Metaspace       used 3624K, committed 3776K, reserved 1114112K
  class space    used 364K, committed 448K, reserved 1048576K
}
Event: 0.705 GC heap after
{Heap after GC invocations=1 (full 0):
 garbage-first heap   total 65536K, used 3392K [0x00000000c1600000, 0x0000000100000000)
  region size 1024K, 2 young (2048K), 2 survivors (2048K)
 Metaspace       used 3624K, committed 3776K, reserved 1114112K
  class space    used 364K, committed 448K, reserved 1048576K
}
Event: 1.157 GC heap before
{Heap before GC invocations=1 (full 0):
 garbage-first heap   total 65536K, used 19776K [0x00000000c1600000, 0x0000000100000000)
  region size 1024K, 18 young (18432K), 2 survivors (2048K)
 Metaspace       used 6152K, committed 6336K, reserved 1114112K
  class space    used 713K, committed 832K, reserved 1048576K
}
Event: 1.163 GC heap after
{Heap after GC invocations=2 (full 0):
 garbage-first heap   total 65536K, used 4141K [0x00000000c1600000, 0x0000000100000000)
  region size 1024K, 1 young (1024K), 1 survivors (1024K)
 Metaspace       used 6152K, committed 6336K, reserved 1114112K
  class space    used 713K, committed 832K, reserved 1048576K
}
Event: 2.189 GC heap before
{Heap before GC invocations=2 (full 0):
 garbage-first heap   total 65536K, used 41005K [0x00000000c1600000, 0x0000000100000000)
  region size 1024K, 38 young (38912K), 1 survivors (1024K)
 Metaspace       used 12167K, committed 12416K, reserved 1114112K
  class space    used 1467K, committed 1600K, reserved 1048576K
}
Event: 2.199 GC heap after
{Heap after GC invocations=3 (full 0):
 garbage-first heap   total 65536K, used 6740K [0x00000000c1600000, 0x0000000100000000)
  region size 1024K, 4 young (4096K), 4 survivors (4096K)
 Metaspace       used 12167K, committed 12416K, reserved 1114112K
  class space    used 1467K, committed 1600K, reserved 1048576K
}
Event: 3.183 GC heap before
{Heap before GC invocations=3 (full 0):
 garbage-first heap   total 65536K, used 41556K [0x00000000c1600000, 0x0000000100000000)
  region size 1024K, 38 young (38912K), 4 survivors (4096K)
 Metaspace       used 15403K, committed 15680K, reserved 1114112K
  class space    used 1800K, committed 1920K, reserved 1048576K
}
Event: 3.198 GC heap after
{Heap after GC invocations=4 (full 0):
 garbage-first heap   total 65536K, used 11575K [0x00000000c1600000, 0x0000000100000000)
  region size 1024K, 5 young (5120K), 5 survivors (5120K)
 Metaspace       used 15403K, committed 15680K, reserved 1114112K
  class space    used 1800K, committed 1920K, reserved 1048576K
}
Event: 3.740 GC heap before
{Heap before GC invocations=4 (full 0):
 garbage-first heap   total 65536K, used 45367K [0x00000000c1600000, 0x0000000100000000)
  region size 1024K, 38 young (38912K), 5 survivors (5120K)
 Metaspace       used 15822K, committed 16064K, reserved 1114112K
  class space    used 1825K, committed 1920K, reserved 1048576K
}
Event: 3.758 GC heap after
{Heap after GC invocations=5 (full 0):
 garbage-first heap   total 65536K, used 14336K [0x00000000c1600000, 0x0000000100000000)
  region size 1024K, 3 young (3072K), 3 survivors (3072K)
 Metaspace       used 15822K, committed 16064K, reserved 1114112K
  class space    used 1825K, committed 1920K, reserved 1048576K
}
Event: 4.285 GC heap before
{Heap before GC invocations=5 (full 0):
 garbage-first heap   total 65536K, used 50176K [0x00000000c1600000, 0x0000000100000000)
  region size 1024K, 38 young (38912K), 3 survivors (3072K)
 Metaspace       used 16275K, committed 16512K, reserved 1114112K
  class space    used 1831K, committed 1920K, reserved 1048576K
}
Event: 4.292 GC heap after
{Heap after GC invocations=6 (full 0):
 garbage-first heap   total 65536K, used 15719K [0x00000000c1600000, 0x0000000100000000)
  region size 1024K, 2 young (2048K), 2 survivors (2048K)
 Metaspace       used 16275K, committed 16512K, reserved 1114112K
  class space    used 1831K, committed 1920K, reserved 1048576K
}
Event: 5.271 GC heap before
{Heap before GC invocations=6 (full 0):
 garbage-first heap   total 65536K, used 54631K [0x00000000c1600000, 0x0000000100000000)
  region size 1024K, 33 young (33792K), 2 survivors (2048K)
 Metaspace       used 17563K, committed 17856K, reserved 1114112K
  class space    used 1962K, committed 2048K, reserved 1048576K
}
Event: 5.277 GC heap after
{Heap after GC invocations=7 (full 0):
 garbage-first heap   total 78848K, used 25347K [0x00000000c1600000, 0x0000000100000000)
  region size 1024K, 3 young (3072K), 3 survivors (3072K)
 Metaspace       used 17563K, committed 17856K, reserved 1114112K
  class space    used 1962K, committed 2048K, reserved 1048576K
}
Event: 5.279 GC heap before
{Heap before GC invocations=7 (full 0):
 garbage-first heap   total 78848K, used 37635K [0x00000000c1600000, 0x0000000100000000)
  region size 1024K, 4 young (4096K), 3 survivors (3072K)
 Metaspace       used 17563K, committed 17856K, reserved 1114112K
  class space    used 1962K, committed 2048K, reserved 1048576K
}
Event: 5.286 GC heap after
{Heap after GC invocations=8 (full 0):
 garbage-first heap   total 78848K, used 37902K [0x00000000c1600000, 0x0000000100000000)
  region size 1024K, 4 young (4096K), 4 survivors (4096K)
 Metaspace       used 17563K, committed 17856K, reserved 1114112K
  class space    used 1962K, committed 2048K, reserved 1048576K
}
Event: 6.103 GC heap before
{Heap before GC invocations=8 (full 0):
 garbage-first heap   total 78848K, used 77838K [0x00000000c1600000, 0x0000000100000000)
  region size 1024K, 31 young (31744K), 4 survivors (4096K)
 Metaspace       used 18702K, committed 19072K, reserved 1114112K
  class space    used 2046K, committed 2240K, reserved 1048576K
}
Event: 6.114 GC heap after
{Heap after GC invocations=9 (full 0):
 garbage-first heap   total 84992K, used 19084K [0x00000000c1600000, 0x0000000100000000)
  region size 1024K, 4 young (4096K), 4 survivors (4096K)
 Metaspace       used 18702K, committed 19072K, reserved 1114112K
  class space    used 2046K, committed 2240K, reserved 1048576K
}
Event: 6.608 GC heap before
{Heap before GC invocations=9 (full 0):
 garbage-first heap   total 84992K, used 36492K [0x00000000c1600000, 0x0000000100000000)
  region size 1024K, 22 young (22528K), 4 survivors (4096K)
 Metaspace       used 21114K, committed 21504K, reserved 1114112K
  class space    used 2288K, committed 2496K, reserved 1048576K
}
Event: 6.615 GC heap after
{Heap after GC invocations=10 (full 0):
 garbage-first heap   total 84992K, used 19817K [0x00000000c1600000, 0x0000000100000000)
  region size 1024K, 5 young (5120K), 5 survivors (5120K)
 Metaspace       used 21114K, committed 21504K, reserved 1114112K
  class space    used 2288K, committed 2496K, reserved 1048576K
}

